2020-05-31 11:09:20.750  INFO 5352 --- [main] fr.natu.dessinAPI.DessinApiApplication   : Starting DessinApiApplication on tanguy-ux430ua with PID 5352 (/home/tanguy/Programmation/workspaceEE/dessinAPI/target/classes started by tanguy in /home/tanguy/Programmation/workspaceEE/dessinAPI)
2020-05-31 11:09:20.764  INFO 5352 --- [main] fr.natu.dessinAPI.DessinApiApplication   : No active profile set, falling back to default profiles: default
2020-05-31 11:09:22.966  INFO 5352 --- [main] .s.d.r.c.RepositoryConfigurationDelegate : Bootstrapping Spring Data JPA repositories in DEFERRED mode.
2020-05-31 11:09:23.058  INFO 5352 --- [main] .s.d.r.c.RepositoryConfigurationDelegate : Finished Spring Data repository scanning in 77ms. Found 1 JPA repository interfaces.
2020-05-31 11:09:24.577  INFO 5352 --- [main] o.s.b.w.embedded.tomcat.TomcatWebServer  : Tomcat initialized with port(s): 10000 (http)
2020-05-31 11:09:24.600  INFO 5352 --- [main] o.apache.catalina.core.StandardService   : Starting service [Tomcat]
2020-05-31 11:09:24.601  INFO 5352 --- [main] org.apache.catalina.core.StandardEngine  : Starting Servlet engine: [Apache Tomcat/9.0.35]
2020-05-31 11:09:24.754  INFO 5352 --- [main] o.a.c.c.C.[Tomcat].[localhost].[/]       : Initializing Spring embedded WebApplicationContext
2020-05-31 11:09:24.756  INFO 5352 --- [main] o.s.web.context.ContextLoader            : Root WebApplicationContext: initialization completed in 3879 ms
2020-05-31 11:09:25.252  INFO 5352 --- [main] o.s.s.concurrent.ThreadPoolTaskExecutor  : Initializing ExecutorService 'applicationTaskExecutor'
2020-05-31 11:09:25.270  INFO 5352 --- [main] com.zaxxer.hikari.HikariDataSource       : HikariPool-1 - Starting...
2020-05-31 11:09:25.943  INFO 5352 --- [main] com.zaxxer.hikari.HikariDataSource       : HikariPool-1 - Start completed.
2020-05-31 11:09:26.239  INFO 5352 --- [task-1] o.hibernate.jpa.internal.util.LogHelper  : HHH000204: Processing PersistenceUnitInfo [name: default]
2020-05-31 11:09:26.402  WARN 5352 --- [main] JpaBaseConfiguration$JpaWebConfiguration : spring.jpa.open-in-view is enabled by default. Therefore, database queries may be performed during view rendering. Explicitly configure spring.jpa.open-in-view to disable this warning
2020-05-31 11:09:26.624  INFO 5352 --- [task-1] org.hibernate.Version                    : HHH000412: Hibernate ORM core version 5.4.15.Final
2020-05-31 11:09:27.487  INFO 5352 --- [task-1] o.hibernate.annotations.common.Version   : HCANN000001: Hibernate Commons Annotations {5.1.0.Final}
2020-05-31 11:09:28.287  INFO 5352 --- [task-1] org.hibernate.dialect.Dialect            : HHH000400: Using dialect: org.hibernate.dialect.MySQL57Dialect
2020-05-31 11:09:29.845  INFO 5352 --- [task-1] o.h.e.t.j.p.i.JtaPlatformInitiator       : HHH000490: Using JtaPlatform implementation: [org.hibernate.engine.transaction.jta.platform.internal.NoJtaPlatform]
2020-05-31 11:09:29.857  INFO 5352 --- [task-1] j.LocalContainerEntityManagerFactoryBean : Initialized JPA EntityManagerFactory for persistence unit 'default'
2020-05-31 11:09:31.055  INFO 5352 --- [main] o.s.b.w.embedded.tomcat.TomcatWebServer  : Tomcat started on port(s): 10000 (http) with context path ''
2020-05-31 11:09:31.057  INFO 5352 --- [main] DeferredRepositoryInitializationListener : Triggering deferred initialization of Spring Data repositories…
2020-05-31 11:09:31.334  INFO 5352 --- [main] DeferredRepositoryInitializationListener : Spring Data repositories initialized!
2020-05-31 11:09:31.352  INFO 5352 --- [main] fr.natu.dessinAPI.DessinApiApplication   : Started DessinApiApplication in 11.701 seconds (JVM running for 12.825)
2020-05-31 11:14:36.191  INFO 5352 --- [http-nio-10000-exec-1] o.a.c.c.C.[Tomcat].[localhost].[/]       : Initializing Spring DispatcherServlet 'dispatcherServlet'
2020-05-31 11:14:36.192  INFO 5352 --- [http-nio-10000-exec-1] o.s.web.servlet.DispatcherServlet        : Initializing Servlet 'dispatcherServlet'
2020-05-31 11:14:36.209  INFO 5352 --- [http-nio-10000-exec-1] o.s.web.servlet.DispatcherServlet        : Completed initialization in 17 ms
2020-05-31 11:14:37.006 DEBUG 5352 --- [http-nio-10000-exec-2] fr.natu.dessinAPI.LoggingController      : 777777
2020-05-31 11:14:37.007 DEBUG 5352 --- [http-nio-10000-exec-1] fr.natu.dessinAPI.LoggingController      : 777777
2020-05-31 11:14:37.006 DEBUG 5352 --- [http-nio-10000-exec-8] fr.natu.dessinAPI.LoggingController      : 777777
2020-05-31 11:14:37.011 DEBUG 5352 --- [http-nio-10000-exec-6] fr.natu.dessinAPI.LoggingController      : 777777
2020-05-31 11:14:37.006 DEBUG 5352 --- [http-nio-10000-exec-4] fr.natu.dessinAPI.LoggingController      : 777777
2020-05-31 11:14:37.024 DEBUG 5352 --- [http-nio-10000-exec-7] fr.natu.dessinAPI.LoggingController      : 777777
2020-05-31 11:14:37.086 DEBUG 5352 --- [http-nio-10000-exec-9] fr.natu.dessinAPI.LoggingController      : ab2567
2020-05-31 11:14:37.089 DEBUG 5352 --- [http-nio-10000-exec-3] fr.natu.dessinAPI.LoggingController      : 777777
2020-05-31 11:14:37.089 DEBUG 5352 --- [http-nio-10000-exec-8] fr.natu.dessinAPI.LoggingController      : ab2567
2020-05-31 11:14:37.097 DEBUG 5352 --- [http-nio-10000-exec-4] fr.natu.dessinAPI.LoggingController      : 777777
2020-05-31 11:14:37.512 DEBUG 5352 --- [http-nio-10000-exec-3] fr.natu.dessinAPI.LoggingController      : 777777
2020-05-31 11:14:37.512 DEBUG 5352 --- [http-nio-10000-exec-9] fr.natu.dessinAPI.LoggingController      : 777777
2020-05-31 11:14:37.525 DEBUG 5352 --- [http-nio-10000-exec-10] fr.natu.dessinAPI.LoggingController      : 777777
2020-05-31 11:14:37.537 DEBUG 5352 --- [http-nio-10000-exec-7] fr.natu.dessinAPI.LoggingController      : 777777
2020-05-31 11:14:37.542 DEBUG 5352 --- [http-nio-10000-exec-6] fr.natu.dessinAPI.LoggingController      : 777777
2020-05-31 11:14:37.542 DEBUG 5352 --- [http-nio-10000-exec-4] fr.natu.dessinAPI.LoggingController      : 777777
2020-05-31 11:14:37.544 DEBUG 5352 --- [http-nio-10000-exec-8] fr.natu.dessinAPI.LoggingController      : 777777
2020-05-31 11:14:37.545 DEBUG 5352 --- [http-nio-10000-exec-2] fr.natu.dessinAPI.LoggingController      : 777777
2020-05-31 11:14:37.550 DEBUG 5352 --- [http-nio-10000-exec-1] fr.natu.dessinAPI.LoggingController      : 777777
2020-05-31 11:14:37.581 DEBUG 5352 --- [http-nio-10000-exec-9] fr.natu.dessinAPI.LoggingController      : 16a132
2020-05-31 11:14:37.587 DEBUG 5352 --- [http-nio-10000-exec-3] fr.natu.dessinAPI.LoggingController      : 777777
2020-05-31 11:14:37.589 DEBUG 5352 --- [http-nio-10000-exec-7] fr.natu.dessinAPI.LoggingController      : ab2567
2020-05-31 11:14:37.589 DEBUG 5352 --- [http-nio-10000-exec-6] fr.natu.dessinAPI.LoggingController      : 777777
2020-05-31 11:14:37.599 DEBUG 5352 --- [http-nio-10000-exec-5] fr.natu.dessinAPI.LoggingController      : ab2567
2020-05-31 11:14:37.599 DEBUG 5352 --- [http-nio-10000-exec-10] fr.natu.dessinAPI.LoggingController      : 16a132
2020-05-31 11:14:37.616 DEBUG 5352 --- [http-nio-10000-exec-2] fr.natu.dessinAPI.LoggingController      : 777777
2020-05-31 11:14:37.632 DEBUG 5352 --- [http-nio-10000-exec-8] fr.natu.dessinAPI.LoggingController      : 777777
2020-05-31 11:14:37.624 DEBUG 5352 --- [http-nio-10000-exec-4] fr.natu.dessinAPI.LoggingController      : 777777
2020-05-31 11:14:37.635 DEBUG 5352 --- [http-nio-10000-exec-1] fr.natu.dessinAPI.LoggingController      : 777777
2020-05-31 11:14:37.639 DEBUG 5352 --- [http-nio-10000-exec-3] fr.natu.dessinAPI.LoggingController      : 777777
2020-05-31 11:14:37.639 DEBUG 5352 --- [http-nio-10000-exec-7] fr.natu.dessinAPI.LoggingController      : 777777
2020-05-31 11:14:37.639 DEBUG 5352 --- [http-nio-10000-exec-9] fr.natu.dessinAPI.LoggingController      : 777777
2020-05-31 11:14:37.662 DEBUG 5352 --- [http-nio-10000-exec-6] fr.natu.dessinAPI.LoggingController      : 777777
2020-05-31 11:14:37.670 DEBUG 5352 --- [http-nio-10000-exec-2] fr.natu.dessinAPI.LoggingController      : ab2567
2020-05-31 11:14:37.670 DEBUG 5352 --- [http-nio-10000-exec-3] fr.natu.dessinAPI.LoggingController      : 16a132
2020-05-31 11:14:37.672 DEBUG 5352 --- [http-nio-10000-exec-8] fr.natu.dessinAPI.LoggingController      : 16a132
2020-05-31 11:14:37.674 DEBUG 5352 --- [http-nio-10000-exec-10] fr.natu.dessinAPI.LoggingController      : 777777
2020-05-31 11:14:37.686 DEBUG 5352 --- [http-nio-10000-exec-5] fr.natu.dessinAPI.LoggingController      : 777777
2020-05-31 11:14:37.696 DEBUG 5352 --- [http-nio-10000-exec-2] fr.natu.dessinAPI.LoggingController      : ab2567
2020-05-31 11:14:37.709 DEBUG 5352 --- [http-nio-10000-exec-9] fr.natu.dessinAPI.LoggingController      : 777777
2020-05-31 11:14:37.711 DEBUG 5352 --- [http-nio-10000-exec-4] fr.natu.dessinAPI.LoggingController      : 777777
2020-05-31 11:14:37.713 DEBUG 5352 --- [http-nio-10000-exec-1] fr.natu.dessinAPI.LoggingController      : 777777
2020-05-31 11:14:37.714 DEBUG 5352 --- [http-nio-10000-exec-8] fr.natu.dessinAPI.LoggingController      : 777777
2020-05-31 11:14:37.718 DEBUG 5352 --- [http-nio-10000-exec-10] fr.natu.dessinAPI.LoggingController      : 777777
2020-05-31 11:14:37.725 DEBUG 5352 --- [http-nio-10000-exec-2] fr.natu.dessinAPI.LoggingController      : 777777
2020-05-31 11:14:37.744 DEBUG 5352 --- [http-nio-10000-exec-3] fr.natu.dessinAPI.LoggingController      : 777777
2020-05-31 11:14:37.747 DEBUG 5352 --- [http-nio-10000-exec-7] fr.natu.dessinAPI.LoggingController      : 777777
2020-05-31 11:14:37.747 DEBUG 5352 --- [http-nio-10000-exec-5] fr.natu.dessinAPI.LoggingController      : 777777
2020-05-31 11:14:37.749 DEBUG 5352 --- [http-nio-10000-exec-4] fr.natu.dessinAPI.LoggingController      : ab2567
2020-05-31 11:14:37.749 DEBUG 5352 --- [http-nio-10000-exec-6] fr.natu.dessinAPI.LoggingController      : 777777
2020-05-31 11:14:37.749 DEBUG 5352 --- [http-nio-10000-exec-9] fr.natu.dessinAPI.LoggingController      : 777777
2020-05-31 11:14:37.780 DEBUG 5352 --- [http-nio-10000-exec-8] fr.natu.dessinAPI.LoggingController      : 16a132
2020-05-31 11:14:37.783 DEBUG 5352 --- [http-nio-10000-exec-6] fr.natu.dessinAPI.LoggingController      : 777777
2020-05-31 11:14:37.780 DEBUG 5352 --- [http-nio-10000-exec-1] fr.natu.dessinAPI.LoggingController      : ab2567
2020-05-31 11:14:37.785 DEBUG 5352 --- [http-nio-10000-exec-2] fr.natu.dessinAPI.LoggingController      : 777777
2020-05-31 11:14:37.783 DEBUG 5352 --- [http-nio-10000-exec-10] fr.natu.dessinAPI.LoggingController      : 16a132
2020-05-31 11:14:37.783 DEBUG 5352 --- [http-nio-10000-exec-5] fr.natu.dessinAPI.LoggingController      : 777777
2020-05-31 11:14:37.816 DEBUG 5352 --- [http-nio-10000-exec-3] fr.natu.dessinAPI.LoggingController      : 777777
2020-05-31 11:14:37.816 DEBUG 5352 --- [http-nio-10000-exec-7] fr.natu.dessinAPI.LoggingController      : 777777
2020-05-31 11:14:37.819 DEBUG 5352 --- [http-nio-10000-exec-4] fr.natu.dessinAPI.LoggingController      : 777777
2020-05-31 11:14:37.819 DEBUG 5352 --- [http-nio-10000-exec-2] fr.natu.dessinAPI.LoggingController      : 777777
2020-05-31 11:14:37.821 DEBUG 5352 --- [http-nio-10000-exec-9] fr.natu.dessinAPI.LoggingController      : 777777
2020-05-31 11:14:37.823 DEBUG 5352 --- [http-nio-10000-exec-8] fr.natu.dessinAPI.LoggingController      : 777777
2020-05-31 11:14:37.848 DEBUG 5352 --- [http-nio-10000-exec-1] fr.natu.dessinAPI.LoggingController      : 777777
2020-05-31 11:14:37.858 DEBUG 5352 --- [http-nio-10000-exec-5] fr.natu.dessinAPI.LoggingController      : 777777
2020-05-31 11:14:37.863 DEBUG 5352 --- [http-nio-10000-exec-7] fr.natu.dessinAPI.LoggingController      : 777777
2020-05-31 11:14:37.864 DEBUG 5352 --- [http-nio-10000-exec-10] fr.natu.dessinAPI.LoggingController      : ab2567
2020-05-31 11:14:37.866 DEBUG 5352 --- [http-nio-10000-exec-6] fr.natu.dessinAPI.LoggingController      : 16a132
2020-05-31 11:14:37.869 DEBUG 5352 --- [http-nio-10000-exec-4] fr.natu.dessinAPI.LoggingController      : ab2567
2020-05-31 11:14:37.871 DEBUG 5352 --- [http-nio-10000-exec-3] fr.natu.dessinAPI.LoggingController      : 777777
2020-05-31 11:14:37.877 DEBUG 5352 --- [http-nio-10000-exec-9] fr.natu.dessinAPI.LoggingController      : 16a132
2020-05-31 11:14:37.891 DEBUG 5352 --- [http-nio-10000-exec-8] fr.natu.dessinAPI.LoggingController      : 777777
2020-05-31 11:14:37.891 DEBUG 5352 --- [http-nio-10000-exec-2] fr.natu.dessinAPI.LoggingController      : 777777
2020-05-31 11:14:37.895 DEBUG 5352 --- [http-nio-10000-exec-1] fr.natu.dessinAPI.LoggingController      : 777777
2020-05-31 11:14:37.895 DEBUG 5352 --- [http-nio-10000-exec-9] fr.natu.dessinAPI.LoggingController      : 777777
2020-05-31 11:14:37.904 DEBUG 5352 --- [http-nio-10000-exec-5] fr.natu.dessinAPI.LoggingController      : 777777
2020-05-31 11:14:37.906 DEBUG 5352 --- [http-nio-10000-exec-4] fr.natu.dessinAPI.LoggingController      : 777777
2020-05-31 11:14:37.911 DEBUG 5352 --- [http-nio-10000-exec-6] fr.natu.dessinAPI.LoggingController      : 777777
2020-05-31 11:14:37.916 DEBUG 5352 --- [http-nio-10000-exec-10] fr.natu.dessinAPI.LoggingController      : ab2567
2020-05-31 11:14:37.936 DEBUG 5352 --- [http-nio-10000-exec-8] fr.natu.dessinAPI.LoggingController      : 777777
2020-05-31 11:14:37.937 DEBUG 5352 --- [http-nio-10000-exec-1] fr.natu.dessinAPI.LoggingController      : ab2567
2020-05-31 11:14:37.937 DEBUG 5352 --- [http-nio-10000-exec-2] fr.natu.dessinAPI.LoggingController      : 16a132
2020-05-31 11:14:37.937 DEBUG 5352 --- [http-nio-10000-exec-3] fr.natu.dessinAPI.LoggingController      : 777777
2020-05-31 11:14:37.937 DEBUG 5352 --- [http-nio-10000-exec-7] fr.natu.dessinAPI.LoggingController      : 777777
2020-05-31 11:14:37.937 DEBUG 5352 --- [http-nio-10000-exec-9] fr.natu.dessinAPI.LoggingController      : 16a132
2020-05-31 11:14:37.965 DEBUG 5352 --- [http-nio-10000-exec-6] fr.natu.dessinAPI.LoggingController      : 777777
2020-05-31 11:14:37.966 DEBUG 5352 --- [http-nio-10000-exec-3] fr.natu.dessinAPI.LoggingController      : 777777
2020-05-31 11:14:37.968 DEBUG 5352 --- [http-nio-10000-exec-10] fr.natu.dessinAPI.LoggingController      : 777777
2020-05-31 11:14:37.968 DEBUG 5352 --- [http-nio-10000-exec-4] fr.natu.dessinAPI.LoggingController      : 777777
2020-05-31 11:14:37.973 DEBUG 5352 --- [http-nio-10000-exec-5] fr.natu.dessinAPI.LoggingController      : 777777
2020-05-31 11:14:37.973 DEBUG 5352 --- [http-nio-10000-exec-1] fr.natu.dessinAPI.LoggingController      : 777777
2020-05-31 11:14:37.997 DEBUG 5352 --- [http-nio-10000-exec-8] fr.natu.dessinAPI.LoggingController      : 777777
2020-05-31 11:14:38.000 DEBUG 5352 --- [http-nio-10000-exec-2] fr.natu.dessinAPI.LoggingController      : 777777
2020-05-31 11:14:38.010 DEBUG 5352 --- [http-nio-10000-exec-9] fr.natu.dessinAPI.LoggingController      : 777777
2020-05-31 11:14:38.025 DEBUG 5352 --- [http-nio-10000-exec-6] fr.natu.dessinAPI.LoggingController      : 16a132
2020-05-31 11:14:38.027 DEBUG 5352 --- [http-nio-10000-exec-7] fr.natu.dessinAPI.LoggingController      : 777777
2020-05-31 11:14:38.025 DEBUG 5352 --- [http-nio-10000-exec-3] fr.natu.dessinAPI.LoggingController      : ab2567
2020-05-31 11:14:38.035 DEBUG 5352 --- [http-nio-10000-exec-10] fr.natu.dessinAPI.LoggingController      : 16a132
2020-05-31 11:14:38.036 DEBUG 5352 --- [http-nio-10000-exec-4] fr.natu.dessinAPI.LoggingController      : 777777
2020-05-31 11:14:38.038 DEBUG 5352 --- [http-nio-10000-exec-6] fr.natu.dessinAPI.LoggingController      : ab2567
2020-05-31 11:14:38.062 DEBUG 5352 --- [http-nio-10000-exec-2] fr.natu.dessinAPI.LoggingController      : 777777
2020-05-31 11:14:38.062 DEBUG 5352 --- [http-nio-10000-exec-8] fr.natu.dessinAPI.LoggingController      : 777777
2020-05-31 11:14:38.064 DEBUG 5352 --- [http-nio-10000-exec-1] fr.natu.dessinAPI.LoggingController      : 777777
2020-05-31 11:14:38.075 DEBUG 5352 --- [http-nio-10000-exec-9] fr.natu.dessinAPI.LoggingController      : 777777
2020-05-31 11:14:38.082 DEBUG 5352 --- [http-nio-10000-exec-3] fr.natu.dessinAPI.LoggingController      : 777777
2020-05-31 11:14:38.082 DEBUG 5352 --- [http-nio-10000-exec-5] fr.natu.dessinAPI.LoggingController      : 777777
2020-05-31 11:14:38.092 DEBUG 5352 --- [http-nio-10000-exec-7] fr.natu.dessinAPI.LoggingController      : 777777
2020-05-31 11:14:38.103 DEBUG 5352 --- [http-nio-10000-exec-4] fr.natu.dessinAPI.LoggingController      : 777777
2020-05-31 11:14:38.103 DEBUG 5352 --- [http-nio-10000-exec-10] fr.natu.dessinAPI.LoggingController      : 777777
2020-05-31 11:14:38.127 DEBUG 5352 --- [http-nio-10000-exec-6] fr.natu.dessinAPI.LoggingController      : 16a132
2020-05-31 11:14:38.142 DEBUG 5352 --- [http-nio-10000-exec-8] fr.natu.dessinAPI.LoggingController      : ab2567
2020-05-31 11:14:38.142 DEBUG 5352 --- [http-nio-10000-exec-2] fr.natu.dessinAPI.LoggingController      : 16a132
2020-05-31 11:14:38.147 DEBUG 5352 --- [http-nio-10000-exec-1] fr.natu.dessinAPI.LoggingController      : ab2567
2020-05-31 11:14:38.150 DEBUG 5352 --- [http-nio-10000-exec-5] fr.natu.dessinAPI.LoggingController      : ab2567
2020-05-31 11:14:38.174 DEBUG 5352 --- [http-nio-10000-exec-3] fr.natu.dessinAPI.LoggingController      : 777777
2020-05-31 11:14:38.181 DEBUG 5352 --- [http-nio-10000-exec-9] fr.natu.dessinAPI.LoggingController      : ab2567
2020-05-31 11:14:38.182 DEBUG 5352 --- [http-nio-10000-exec-6] fr.natu.dessinAPI.LoggingController      : 777777
2020-05-31 11:14:38.184 DEBUG 5352 --- [http-nio-10000-exec-7] fr.natu.dessinAPI.LoggingController      : 777777
2020-05-31 11:14:38.187 DEBUG 5352 --- [http-nio-10000-exec-4] fr.natu.dessinAPI.LoggingController      : 777777
2020-05-31 11:14:38.189 DEBUG 5352 --- [http-nio-10000-exec-10] fr.natu.dessinAPI.LoggingController      : 777777
2020-05-31 11:14:38.192 DEBUG 5352 --- [http-nio-10000-exec-8] fr.natu.dessinAPI.LoggingController      : 777777
2020-05-31 11:14:38.197 DEBUG 5352 --- [http-nio-10000-exec-2] fr.natu.dessinAPI.LoggingController      : ab2567
2020-05-31 11:14:38.198 DEBUG 5352 --- [http-nio-10000-exec-1] fr.natu.dessinAPI.LoggingController      : 777777
2020-05-31 11:14:38.225 DEBUG 5352 --- [http-nio-10000-exec-5] fr.natu.dessinAPI.LoggingController      : 16a132
2020-05-31 11:14:38.231 DEBUG 5352 --- [http-nio-10000-exec-6] fr.natu.dessinAPI.LoggingController      : 777777
2020-05-31 11:14:38.255 DEBUG 5352 --- [http-nio-10000-exec-8] fr.natu.dessinAPI.LoggingController      : 16a132
2020-05-31 11:14:38.258 DEBUG 5352 --- [http-nio-10000-exec-9] fr.natu.dessinAPI.LoggingController      : 16a132
2020-05-31 11:14:38.260 DEBUG 5352 --- [http-nio-10000-exec-3] fr.natu.dessinAPI.LoggingController      : 16a132
2020-05-31 11:14:38.260 DEBUG 5352 --- [http-nio-10000-exec-7] fr.natu.dessinAPI.LoggingController      : ab2567
2020-05-31 11:14:38.262 DEBUG 5352 --- [http-nio-10000-exec-4] fr.natu.dessinAPI.LoggingController      : ab2567
2020-05-31 11:14:38.264 DEBUG 5352 --- [http-nio-10000-exec-10] fr.natu.dessinAPI.LoggingController      : 777777
2020-05-31 11:14:38.271 DEBUG 5352 --- [http-nio-10000-exec-8] fr.natu.dessinAPI.LoggingController      : ab2567
2020-05-31 11:14:38.272 DEBUG 5352 --- [http-nio-10000-exec-9] fr.natu.dessinAPI.LoggingController      : 777777
2020-05-31 11:14:38.276 DEBUG 5352 --- [http-nio-10000-exec-2] fr.natu.dessinAPI.LoggingController      : 777777
2020-05-31 11:14:38.287 DEBUG 5352 --- [http-nio-10000-exec-1] fr.natu.dessinAPI.LoggingController      : 777777
2020-05-31 11:14:38.308 DEBUG 5352 --- [http-nio-10000-exec-5] fr.natu.dessinAPI.LoggingController      : 777777
2020-05-31 11:14:38.311 DEBUG 5352 --- [http-nio-10000-exec-6] fr.natu.dessinAPI.LoggingController      : 777777
2020-05-31 11:14:38.313 DEBUG 5352 --- [http-nio-10000-exec-3] fr.natu.dessinAPI.LoggingController      : 777777
2020-05-31 11:14:38.314 DEBUG 5352 --- [http-nio-10000-exec-10] fr.natu.dessinAPI.LoggingController      : ab2567
2020-05-31 11:14:38.325 DEBUG 5352 --- [http-nio-10000-exec-7] fr.natu.dessinAPI.LoggingController      : 16a132
2020-05-31 11:14:38.331 DEBUG 5352 --- [http-nio-10000-exec-4] fr.natu.dessinAPI.LoggingController      : 16a132
2020-05-31 11:14:38.338 DEBUG 5352 --- [http-nio-10000-exec-2] fr.natu.dessinAPI.LoggingController      : 16a132
2020-05-31 11:14:38.339 DEBUG 5352 --- [http-nio-10000-exec-8] fr.natu.dessinAPI.LoggingController      : ab2567
2020-05-31 11:14:38.341 DEBUG 5352 --- [http-nio-10000-exec-9] fr.natu.dessinAPI.LoggingController      : ab2567
2020-05-31 11:14:38.344 DEBUG 5352 --- [http-nio-10000-exec-1] fr.natu.dessinAPI.LoggingController      : 16a132
2020-05-31 11:14:38.370 DEBUG 5352 --- [http-nio-10000-exec-6] fr.natu.dessinAPI.LoggingController      : 777777
2020-05-31 11:14:38.377 DEBUG 5352 --- [http-nio-10000-exec-3] fr.natu.dessinAPI.LoggingController      : ab2567
2020-05-31 11:14:38.377 DEBUG 5352 --- [http-nio-10000-exec-10] fr.natu.dessinAPI.LoggingController      : 777777
2020-05-31 11:14:38.377 DEBUG 5352 --- [http-nio-10000-exec-2] fr.natu.dessinAPI.LoggingController      : 777777
2020-05-31 11:14:38.378 DEBUG 5352 --- [http-nio-10000-exec-5] fr.natu.dessinAPI.LoggingController      : 777777
2020-05-31 11:14:38.378 DEBUG 5352 --- [http-nio-10000-exec-8] fr.natu.dessinAPI.LoggingController      : 777777
2020-05-31 11:14:38.410 DEBUG 5352 --- [http-nio-10000-exec-7] fr.natu.dessinAPI.LoggingController      : ab2567
2020-05-31 11:14:38.411 DEBUG 5352 --- [http-nio-10000-exec-9] fr.natu.dessinAPI.LoggingController      : 777777
2020-05-31 11:14:38.412 DEBUG 5352 --- [http-nio-10000-exec-4] fr.natu.dessinAPI.LoggingController      : 777777
2020-05-31 11:14:38.416 DEBUG 5352 --- [http-nio-10000-exec-1] fr.natu.dessinAPI.LoggingController      : 777777
2020-05-31 11:14:38.418 DEBUG 5352 --- [http-nio-10000-exec-6] fr.natu.dessinAPI.LoggingController      : ab2567
2020-05-31 11:14:38.419 DEBUG 5352 --- [http-nio-10000-exec-10] fr.natu.dessinAPI.LoggingController      : 777777
2020-05-31 11:14:38.451 DEBUG 5352 --- [http-nio-10000-exec-2] fr.natu.dessinAPI.LoggingController      : ab2567
2020-05-31 11:14:38.455 DEBUG 5352 --- [http-nio-10000-exec-5] fr.natu.dessinAPI.LoggingController      : 777777
2020-05-31 11:14:38.457 DEBUG 5352 --- [http-nio-10000-exec-8] fr.natu.dessinAPI.LoggingController      : 777777
2020-05-31 11:14:38.457 DEBUG 5352 --- [http-nio-10000-exec-3] fr.natu.dessinAPI.LoggingController      : 777777
2020-05-31 11:14:38.459 DEBUG 5352 --- [http-nio-10000-exec-9] fr.natu.dessinAPI.LoggingController      : 777777
2020-05-31 11:14:38.462 DEBUG 5352 --- [http-nio-10000-exec-7] fr.natu.dessinAPI.LoggingController      : ab2567
2020-05-31 11:14:38.465 DEBUG 5352 --- [http-nio-10000-exec-4] fr.natu.dessinAPI.LoggingController      : 777777
2020-05-31 11:14:38.494 DEBUG 5352 --- [http-nio-10000-exec-1] fr.natu.dessinAPI.LoggingController      : 777777
2020-05-31 11:14:38.496 DEBUG 5352 --- [http-nio-10000-exec-6] fr.natu.dessinAPI.LoggingController      : 777777
2020-05-31 11:14:38.500 DEBUG 5352 --- [http-nio-10000-exec-10] fr.natu.dessinAPI.LoggingController      : 777777
2020-05-31 11:14:38.500 DEBUG 5352 --- [http-nio-10000-exec-9] fr.natu.dessinAPI.LoggingController      : 777777
2020-05-31 11:14:38.502 DEBUG 5352 --- [http-nio-10000-exec-2] fr.natu.dessinAPI.LoggingController      : 777777
2020-05-31 11:14:38.505 DEBUG 5352 --- [http-nio-10000-exec-7] fr.natu.dessinAPI.LoggingController      : 777777
2020-05-31 11:14:38.552 DEBUG 5352 --- [http-nio-10000-exec-4] fr.natu.dessinAPI.LoggingController      : 777777
2020-05-31 11:14:38.553 DEBUG 5352 --- [http-nio-10000-exec-8] fr.natu.dessinAPI.LoggingController      : 777777
2020-05-31 11:14:38.552 DEBUG 5352 --- [http-nio-10000-exec-3] fr.natu.dessinAPI.LoggingController      : 777777
2020-05-31 11:14:38.552 DEBUG 5352 --- [http-nio-10000-exec-5] fr.natu.dessinAPI.LoggingController      : 777777
2020-05-31 11:14:38.558 DEBUG 5352 --- [http-nio-10000-exec-6] fr.natu.dessinAPI.LoggingController      : 777777
2020-05-31 11:14:38.560 DEBUG 5352 --- [http-nio-10000-exec-1] fr.natu.dessinAPI.LoggingController      : 777777
2020-05-31 11:14:38.593 DEBUG 5352 --- [http-nio-10000-exec-9] fr.natu.dessinAPI.LoggingController      : 777777
2020-05-31 11:14:38.600 DEBUG 5352 --- [http-nio-10000-exec-4] fr.natu.dessinAPI.LoggingController      : 777777
2020-05-31 11:14:38.601 DEBUG 5352 --- [http-nio-10000-exec-5] fr.natu.dessinAPI.LoggingController      : 777777
2020-05-31 11:14:38.612 DEBUG 5352 --- [http-nio-10000-exec-10] fr.natu.dessinAPI.LoggingController      : 777777
2020-05-31 11:14:38.622 DEBUG 5352 --- [http-nio-10000-exec-7] fr.natu.dessinAPI.LoggingController      : 777777
2020-05-31 11:14:38.632 DEBUG 5352 --- [http-nio-10000-exec-8] fr.natu.dessinAPI.LoggingController      : 777777
2020-05-31 11:14:38.633 DEBUG 5352 --- [http-nio-10000-exec-1] fr.natu.dessinAPI.LoggingController      : 777777
2020-05-31 11:14:38.634 DEBUG 5352 --- [http-nio-10000-exec-3] fr.natu.dessinAPI.LoggingController      : 777777
2020-05-31 11:14:38.634 DEBUG 5352 --- [http-nio-10000-exec-6] fr.natu.dessinAPI.LoggingController      : 777777
2020-05-31 11:14:38.643 DEBUG 5352 --- [http-nio-10000-exec-2] fr.natu.dessinAPI.LoggingController      : 777777
2020-05-31 11:14:38.652 DEBUG 5352 --- [http-nio-10000-exec-9] fr.natu.dessinAPI.LoggingController      : 777777
2020-05-31 11:14:38.652 DEBUG 5352 --- [http-nio-10000-exec-10] fr.natu.dessinAPI.LoggingController      : 777777
2020-05-31 11:14:38.658 DEBUG 5352 --- [http-nio-10000-exec-4] fr.natu.dessinAPI.LoggingController      : 777777
2020-05-31 11:14:38.664 DEBUG 5352 --- [http-nio-10000-exec-5] fr.natu.dessinAPI.LoggingController      : 777777
2020-05-31 11:14:38.678 DEBUG 5352 --- [http-nio-10000-exec-6] fr.natu.dessinAPI.LoggingController      : 777777
2020-05-31 11:14:38.679 DEBUG 5352 --- [http-nio-10000-exec-8] fr.natu.dessinAPI.LoggingController      : 777777
2020-05-31 11:14:38.680 DEBUG 5352 --- [http-nio-10000-exec-3] fr.natu.dessinAPI.LoggingController      : 777777
2020-05-31 11:14:38.683 DEBUG 5352 --- [http-nio-10000-exec-10] fr.natu.dessinAPI.LoggingController      : 777777
2020-05-31 11:14:38.685 DEBUG 5352 --- [http-nio-10000-exec-9] fr.natu.dessinAPI.LoggingController      : 777777
2020-05-31 11:14:38.686 DEBUG 5352 --- [http-nio-10000-exec-1] fr.natu.dessinAPI.LoggingController      : 777777
2020-05-31 11:14:38.707 DEBUG 5352 --- [http-nio-10000-exec-7] fr.natu.dessinAPI.LoggingController      : 777777
2020-05-31 11:14:38.712 DEBUG 5352 --- [http-nio-10000-exec-2] fr.natu.dessinAPI.LoggingController      : 777777
2020-05-31 11:14:38.718 DEBUG 5352 --- [http-nio-10000-exec-6] fr.natu.dessinAPI.LoggingController      : 777777
2020-05-31 11:14:38.719 DEBUG 5352 --- [http-nio-10000-exec-8] fr.natu.dessinAPI.LoggingController      : 777777
2020-05-31 11:14:38.720 DEBUG 5352 --- [http-nio-10000-exec-4] fr.natu.dessinAPI.LoggingController      : 777777
2020-05-31 11:14:38.720 DEBUG 5352 --- [http-nio-10000-exec-5] fr.natu.dessinAPI.LoggingController      : 777777
2020-05-31 11:14:38.743 DEBUG 5352 --- [http-nio-10000-exec-1] fr.natu.dessinAPI.LoggingController      : 777777
2020-05-31 11:14:38.745 DEBUG 5352 --- [http-nio-10000-exec-9] fr.natu.dessinAPI.LoggingController      : 777777
2020-05-31 11:14:38.745 DEBUG 5352 --- [http-nio-10000-exec-2] fr.natu.dessinAPI.LoggingController      : 777777
2020-05-31 11:14:38.747 DEBUG 5352 --- [http-nio-10000-exec-10] fr.natu.dessinAPI.LoggingController      : 777777
2020-05-31 11:14:38.748 DEBUG 5352 --- [http-nio-10000-exec-8] fr.natu.dessinAPI.LoggingController      : 777777
2020-05-31 11:14:38.748 DEBUG 5352 --- [http-nio-10000-exec-3] fr.natu.dessinAPI.LoggingController      : 777777
2020-05-31 11:14:38.752 DEBUG 5352 --- [http-nio-10000-exec-7] fr.natu.dessinAPI.LoggingController      : 777777
2020-05-31 11:14:38.768 DEBUG 5352 --- [http-nio-10000-exec-4] fr.natu.dessinAPI.LoggingController      : 777777
2020-05-31 11:14:38.768 DEBUG 5352 --- [http-nio-10000-exec-5] fr.natu.dessinAPI.LoggingController      : 777777
2020-05-31 11:14:38.776 DEBUG 5352 --- [http-nio-10000-exec-6] fr.natu.dessinAPI.LoggingController      : 777777
2020-05-31 11:14:38.782 DEBUG 5352 --- [http-nio-10000-exec-1] fr.natu.dessinAPI.LoggingController      : 777777
2020-05-31 11:14:38.790 DEBUG 5352 --- [http-nio-10000-exec-8] fr.natu.dessinAPI.LoggingController      : 777777
2020-05-31 11:14:38.790 DEBUG 5352 --- [http-nio-10000-exec-7] fr.natu.dessinAPI.LoggingController      : 777777
2020-05-31 11:14:38.815 DEBUG 5352 --- [http-nio-10000-exec-2] fr.natu.dessinAPI.LoggingController      : 777777
2020-05-31 11:14:38.818 DEBUG 5352 --- [http-nio-10000-exec-9] fr.natu.dessinAPI.LoggingController      : 777777
2020-05-31 11:14:38.828 DEBUG 5352 --- [http-nio-10000-exec-10] fr.natu.dessinAPI.LoggingController      : 777777
2020-05-31 11:14:38.844 DEBUG 5352 --- [http-nio-10000-exec-3] fr.natu.dessinAPI.LoggingController      : 777777
2020-05-31 11:14:38.846 DEBUG 5352 --- [http-nio-10000-exec-5] fr.natu.dessinAPI.LoggingController      : 777777
2020-05-31 11:14:38.847 DEBUG 5352 --- [http-nio-10000-exec-6] fr.natu.dessinAPI.LoggingController      : 777777
2020-05-31 11:14:38.850 DEBUG 5352 --- [http-nio-10000-exec-4] fr.natu.dessinAPI.LoggingController      : 777777
2020-05-31 11:14:38.858 DEBUG 5352 --- [http-nio-10000-exec-1] fr.natu.dessinAPI.LoggingController      : 777777
2020-05-31 11:14:38.875 DEBUG 5352 --- [http-nio-10000-exec-7] fr.natu.dessinAPI.LoggingController      : 777777
2020-05-31 11:14:38.906 DEBUG 5352 --- [http-nio-10000-exec-8] fr.natu.dessinAPI.LoggingController      : 777777
2020-05-31 11:15:05.736  INFO 5352 --- [http-nio-10000-exec-9] fr.natu.dessinAPI.LoggingController      : color changed at position :0, 6
2020-05-31 11:15:22.281  INFO 5352 --- [http-nio-10000-exec-4] o.apache.coyote.http11.Http11Processor   : Error parsing HTTP request header
 Note: further occurrences of HTTP request parsing errors will be logged at DEBUG level.

java.lang.IllegalArgumentException: Invalid character found in the request target [/color/0|3]. The valid characters are defined in RFC 7230 and RFC 3986
	at org.apache.coyote.http11.Http11InputBuffer.parseRequestLine(Http11InputBuffer.java:499) ~[tomcat-embed-core-9.0.35.jar:9.0.35]
	at org.apache.coyote.http11.Http11Processor.service(Http11Processor.java:260) ~[tomcat-embed-core-9.0.35.jar:9.0.35]
	at org.apache.coyote.AbstractProcessorLight.process(AbstractProcessorLight.java:65) [tomcat-embed-core-9.0.35.jar:9.0.35]
	at org.apache.coyote.AbstractProtocol$ConnectionHandler.process(AbstractProtocol.java:868) [tomcat-embed-core-9.0.35.jar:9.0.35]
	at org.apache.tomcat.util.net.NioEndpoint$SocketProcessor.doRun(NioEndpoint.java:1590) [tomcat-embed-core-9.0.35.jar:9.0.35]
	at org.apache.tomcat.util.net.SocketProcessorBase.run(SocketProcessorBase.java:49) [tomcat-embed-core-9.0.35.jar:9.0.35]
	at java.util.concurrent.ThreadPoolExecutor.runWorker(ThreadPoolExecutor.java:1149) [na:1.8.0_242]
	at java.util.concurrent.ThreadPoolExecutor$Worker.run(ThreadPoolExecutor.java:624) [na:1.8.0_242]
	at org.apache.tomcat.util.threads.TaskThread$WrappingRunnable.run(TaskThread.java:61) [tomcat-embed-core-9.0.35.jar:9.0.35]
	at java.lang.Thread.run(Thread.java:748) [na:1.8.0_242]

2020-05-31 11:15:22.284  INFO 5352 --- [http-nio-10000-exec-5] o.apache.coyote.http11.Http11Processor   : Error parsing HTTP request header
 Note: further occurrences of HTTP request parsing errors will be logged at DEBUG level.

java.lang.IllegalArgumentException: Invalid character found in the request target [/color/0|2]. The valid characters are defined in RFC 7230 and RFC 3986
	at org.apache.coyote.http11.Http11InputBuffer.parseRequestLine(Http11InputBuffer.java:499) ~[tomcat-embed-core-9.0.35.jar:9.0.35]
	at org.apache.coyote.http11.Http11Processor.service(Http11Processor.java:260) ~[tomcat-embed-core-9.0.35.jar:9.0.35]
	at org.apache.coyote.AbstractProcessorLight.process(AbstractProcessorLight.java:65) [tomcat-embed-core-9.0.35.jar:9.0.35]
	at org.apache.coyote.AbstractProtocol$ConnectionHandler.process(AbstractProtocol.java:868) [tomcat-embed-core-9.0.35.jar:9.0.35]
	at org.apache.tomcat.util.net.NioEndpoint$SocketProcessor.doRun(NioEndpoint.java:1590) [tomcat-embed-core-9.0.35.jar:9.0.35]
	at org.apache.tomcat.util.net.SocketProcessorBase.run(SocketProcessorBase.java:49) [tomcat-embed-core-9.0.35.jar:9.0.35]
	at java.util.concurrent.ThreadPoolExecutor.runWorker(ThreadPoolExecutor.java:1149) [na:1.8.0_242]
	at java.util.concurrent.ThreadPoolExecutor$Worker.run(ThreadPoolExecutor.java:624) [na:1.8.0_242]
	at org.apache.tomcat.util.threads.TaskThread$WrappingRunnable.run(TaskThread.java:61) [tomcat-embed-core-9.0.35.jar:9.0.35]
	at java.lang.Thread.run(Thread.java:748) [na:1.8.0_242]

2020-05-31 11:15:22.285  INFO 5352 --- [http-nio-10000-exec-6] o.apache.coyote.http11.Http11Processor   : Error parsing HTTP request header
 Note: further occurrences of HTTP request parsing errors will be logged at DEBUG level.

java.lang.IllegalArgumentException: Invalid character found in the request target [/color/0|1]. The valid characters are defined in RFC 7230 and RFC 3986
	at org.apache.coyote.http11.Http11InputBuffer.parseRequestLine(Http11InputBuffer.java:499) ~[tomcat-embed-core-9.0.35.jar:9.0.35]
	at org.apache.coyote.http11.Http11Processor.service(Http11Processor.java:260) ~[tomcat-embed-core-9.0.35.jar:9.0.35]
	at org.apache.coyote.AbstractProcessorLight.process(AbstractProcessorLight.java:65) [tomcat-embed-core-9.0.35.jar:9.0.35]
	at org.apache.coyote.AbstractProtocol$ConnectionHandler.process(AbstractProtocol.java:868) [tomcat-embed-core-9.0.35.jar:9.0.35]
	at org.apache.tomcat.util.net.NioEndpoint$SocketProcessor.doRun(NioEndpoint.java:1590) [tomcat-embed-core-9.0.35.jar:9.0.35]
	at org.apache.tomcat.util.net.SocketProcessorBase.run(SocketProcessorBase.java:49) [tomcat-embed-core-9.0.35.jar:9.0.35]
	at java.util.concurrent.ThreadPoolExecutor.runWorker(ThreadPoolExecutor.java:1149) [na:1.8.0_242]
	at java.util.concurrent.ThreadPoolExecutor$Worker.run(ThreadPoolExecutor.java:624) [na:1.8.0_242]
	at org.apache.tomcat.util.threads.TaskThread$WrappingRunnable.run(TaskThread.java:61) [tomcat-embed-core-9.0.35.jar:9.0.35]
	at java.lang.Thread.run(Thread.java:748) [na:1.8.0_242]

2020-05-31 11:15:22.287  INFO 5352 --- [http-nio-10000-exec-7] o.apache.coyote.http11.Http11Processor   : Error parsing HTTP request header
 Note: further occurrences of HTTP request parsing errors will be logged at DEBUG level.

java.lang.IllegalArgumentException: Invalid character found in the request target [/color/0|5]. The valid characters are defined in RFC 7230 and RFC 3986
	at org.apache.coyote.http11.Http11InputBuffer.parseRequestLine(Http11InputBuffer.java:499) ~[tomcat-embed-core-9.0.35.jar:9.0.35]
	at org.apache.coyote.http11.Http11Processor.service(Http11Processor.java:260) ~[tomcat-embed-core-9.0.35.jar:9.0.35]
	at org.apache.coyote.AbstractProcessorLight.process(AbstractProcessorLight.java:65) [tomcat-embed-core-9.0.35.jar:9.0.35]
	at org.apache.coyote.AbstractProtocol$ConnectionHandler.process(AbstractProtocol.java:868) [tomcat-embed-core-9.0.35.jar:9.0.35]
	at org.apache.tomcat.util.net.NioEndpoint$SocketProcessor.doRun(NioEndpoint.java:1590) [tomcat-embed-core-9.0.35.jar:9.0.35]
	at org.apache.tomcat.util.net.SocketProcessorBase.run(SocketProcessorBase.java:49) [tomcat-embed-core-9.0.35.jar:9.0.35]
	at java.util.concurrent.ThreadPoolExecutor.runWorker(ThreadPoolExecutor.java:1149) [na:1.8.0_242]
	at java.util.concurrent.ThreadPoolExecutor$Worker.run(ThreadPoolExecutor.java:624) [na:1.8.0_242]
	at org.apache.tomcat.util.threads.TaskThread$WrappingRunnable.run(TaskThread.java:61) [tomcat-embed-core-9.0.35.jar:9.0.35]
	at java.lang.Thread.run(Thread.java:748) [na:1.8.0_242]

2020-05-31 11:15:22.281  INFO 5352 --- [http-nio-10000-exec-1] o.apache.coyote.http11.Http11Processor   : Error parsing HTTP request header
 Note: further occurrences of HTTP request parsing errors will be logged at DEBUG level.

java.lang.IllegalArgumentException: Invalid character found in the request target [/color/0|4]. The valid characters are defined in RFC 7230 and RFC 3986
	at org.apache.coyote.http11.Http11InputBuffer.parseRequestLine(Http11InputBuffer.java:499) ~[tomcat-embed-core-9.0.35.jar:9.0.35]
	at org.apache.coyote.http11.Http11Processor.service(Http11Processor.java:260) ~[tomcat-embed-core-9.0.35.jar:9.0.35]
	at org.apache.coyote.AbstractProcessorLight.process(AbstractProcessorLight.java:65) [tomcat-embed-core-9.0.35.jar:9.0.35]
	at org.apache.coyote.AbstractProtocol$ConnectionHandler.process(AbstractProtocol.java:868) [tomcat-embed-core-9.0.35.jar:9.0.35]
	at org.apache.tomcat.util.net.NioEndpoint$SocketProcessor.doRun(NioEndpoint.java:1590) [tomcat-embed-core-9.0.35.jar:9.0.35]
	at org.apache.tomcat.util.net.SocketProcessorBase.run(SocketProcessorBase.java:49) [tomcat-embed-core-9.0.35.jar:9.0.35]
	at java.util.concurrent.ThreadPoolExecutor.runWorker(ThreadPoolExecutor.java:1149) [na:1.8.0_242]
	at java.util.concurrent.ThreadPoolExecutor$Worker.run(ThreadPoolExecutor.java:624) [na:1.8.0_242]
	at org.apache.tomcat.util.threads.TaskThread$WrappingRunnable.run(TaskThread.java:61) [tomcat-embed-core-9.0.35.jar:9.0.35]
	at java.lang.Thread.run(Thread.java:748) [na:1.8.0_242]

2020-05-31 11:15:22.308  INFO 5352 --- [http-nio-10000-exec-3] o.apache.coyote.http11.Http11Processor   : Error parsing HTTP request header
 Note: further occurrences of HTTP request parsing errors will be logged at DEBUG level.

java.lang.IllegalArgumentException: Invalid character found in the request target [/color/0|0]. The valid characters are defined in RFC 7230 and RFC 3986
	at org.apache.coyote.http11.Http11InputBuffer.parseRequestLine(Http11InputBuffer.java:499) ~[tomcat-embed-core-9.0.35.jar:9.0.35]
	at org.apache.coyote.http11.Http11Processor.service(Http11Processor.java:260) ~[tomcat-embed-core-9.0.35.jar:9.0.35]
	at org.apache.coyote.AbstractProcessorLight.process(AbstractProcessorLight.java:65) [tomcat-embed-core-9.0.35.jar:9.0.35]
	at org.apache.coyote.AbstractProtocol$ConnectionHandler.process(AbstractProtocol.java:868) [tomcat-embed-core-9.0.35.jar:9.0.35]
	at org.apache.tomcat.util.net.NioEndpoint$SocketProcessor.doRun(NioEndpoint.java:1590) [tomcat-embed-core-9.0.35.jar:9.0.35]
	at org.apache.tomcat.util.net.SocketProcessorBase.run(SocketProcessorBase.java:49) [tomcat-embed-core-9.0.35.jar:9.0.35]
	at java.util.concurrent.ThreadPoolExecutor.runWorker(ThreadPoolExecutor.java:1149) [na:1.8.0_242]
	at java.util.concurrent.ThreadPoolExecutor$Worker.run(ThreadPoolExecutor.java:624) [na:1.8.0_242]
	at org.apache.tomcat.util.threads.TaskThread$WrappingRunnable.run(TaskThread.java:61) [tomcat-embed-core-9.0.35.jar:9.0.35]
	at java.lang.Thread.run(Thread.java:748) [na:1.8.0_242]

2020-05-31 11:15:23.671  INFO 5352 --- [http-nio-10000-exec-10] fr.natu.dessinAPI.LoggingController      : color changed at position :0, 0
2020-05-31 11:15:38.734 DEBUG 5352 --- [http-nio-10000-exec-11] fr.natu.dessinAPI.LoggingController      : ab2567
2020-05-31 11:15:38.734 DEBUG 5352 --- [http-nio-10000-exec-1] fr.natu.dessinAPI.LoggingController      : 777777
2020-05-31 11:15:38.753 DEBUG 5352 --- [http-nio-10000-exec-3] fr.natu.dessinAPI.LoggingController      : 777777
2020-05-31 11:15:38.755 DEBUG 5352 --- [http-nio-10000-exec-2] fr.natu.dessinAPI.LoggingController      : 777777
2020-05-31 11:15:38.945 DEBUG 5352 --- [http-nio-10000-exec-7] fr.natu.dessinAPI.LoggingController      : 777777
2020-05-31 11:15:38.957 DEBUG 5352 --- [http-nio-10000-exec-9] fr.natu.dessinAPI.LoggingController      : 777777
2020-05-31 11:15:38.968 DEBUG 5352 --- [http-nio-10000-exec-3] fr.natu.dessinAPI.LoggingController      : ab2567
2020-05-31 11:15:39.028 DEBUG 5352 --- [http-nio-10000-exec-2] fr.natu.dessinAPI.LoggingController      : 777777
2020-05-31 11:15:39.028 DEBUG 5352 --- [http-nio-10000-exec-8] fr.natu.dessinAPI.LoggingController      : ab2567
2020-05-31 11:15:39.037 DEBUG 5352 --- [http-nio-10000-exec-4] fr.natu.dessinAPI.LoggingController      : 777777
2020-05-31 11:15:39.112 DEBUG 5352 --- [http-nio-10000-exec-6] fr.natu.dessinAPI.LoggingController      : 777777
2020-05-31 11:15:39.115 DEBUG 5352 --- [http-nio-10000-exec-11] fr.natu.dessinAPI.LoggingController      : 777777
2020-05-31 11:15:39.118 DEBUG 5352 --- [http-nio-10000-exec-6] fr.natu.dessinAPI.LoggingController      : 777777
2020-05-31 11:15:39.120 DEBUG 5352 --- [http-nio-10000-exec-5] fr.natu.dessinAPI.LoggingController      : 777777
2020-05-31 11:15:39.123 DEBUG 5352 --- [http-nio-10000-exec-1] fr.natu.dessinAPI.LoggingController      : 777777
2020-05-31 11:15:39.125 DEBUG 5352 --- [http-nio-10000-exec-10] fr.natu.dessinAPI.LoggingController      : 777777
2020-05-31 11:15:39.127 DEBUG 5352 --- [http-nio-10000-exec-9] fr.natu.dessinAPI.LoggingController      : 777777
2020-05-31 11:15:39.140 DEBUG 5352 --- [http-nio-10000-exec-3] fr.natu.dessinAPI.LoggingController      : 777777
2020-05-31 11:15:39.152 DEBUG 5352 --- [http-nio-10000-exec-6] fr.natu.dessinAPI.LoggingController      : 16a132
2020-05-31 11:15:39.152 DEBUG 5352 --- [http-nio-10000-exec-7] fr.natu.dessinAPI.LoggingController      : 16a132
2020-05-31 11:15:39.155 DEBUG 5352 --- [http-nio-10000-exec-8] fr.natu.dessinAPI.LoggingController      : ab2567
2020-05-31 11:15:39.155 DEBUG 5352 --- [http-nio-10000-exec-2] fr.natu.dessinAPI.LoggingController      : 777777
2020-05-31 11:15:39.156 DEBUG 5352 --- [http-nio-10000-exec-4] fr.natu.dessinAPI.LoggingController      : 777777
2020-05-31 11:15:39.181 DEBUG 5352 --- [http-nio-10000-exec-11] fr.natu.dessinAPI.LoggingController      : ab2567
2020-05-31 11:15:39.185 DEBUG 5352 --- [http-nio-10000-exec-1] fr.natu.dessinAPI.LoggingController      : 777777
2020-05-31 11:15:39.185 DEBUG 5352 --- [http-nio-10000-exec-9] fr.natu.dessinAPI.LoggingController      : 777777
2020-05-31 11:15:39.201 DEBUG 5352 --- [http-nio-10000-exec-5] fr.natu.dessinAPI.LoggingController      : 777777
2020-05-31 11:15:39.203 DEBUG 5352 --- [http-nio-10000-exec-10] fr.natu.dessinAPI.LoggingController      : 777777
2020-05-31 11:15:39.204 DEBUG 5352 --- [http-nio-10000-exec-3] fr.natu.dessinAPI.LoggingController      : 777777
2020-05-31 11:15:39.210 DEBUG 5352 --- [http-nio-10000-exec-6] fr.natu.dessinAPI.LoggingController      : 777777
2020-05-31 11:15:39.219 DEBUG 5352 --- [http-nio-10000-exec-7] fr.natu.dessinAPI.LoggingController      : 777777
2020-05-31 11:15:39.236 DEBUG 5352 --- [http-nio-10000-exec-8] fr.natu.dessinAPI.LoggingController      : 777777
2020-05-31 11:15:39.249 DEBUG 5352 --- [http-nio-10000-exec-2] fr.natu.dessinAPI.LoggingController      : 777777
2020-05-31 11:15:39.256 DEBUG 5352 --- [http-nio-10000-exec-11] fr.natu.dessinAPI.LoggingController      : 777777
2020-05-31 11:15:39.601 DEBUG 5352 --- [http-nio-10000-exec-10] fr.natu.dessinAPI.LoggingController      : 777777
2020-05-31 11:15:39.766 DEBUG 5352 --- [http-nio-10000-exec-5] fr.natu.dessinAPI.LoggingController      : ab2567
2020-05-31 11:15:39.775 DEBUG 5352 --- [http-nio-10000-exec-2] fr.natu.dessinAPI.LoggingController      : 16a132
2020-05-31 11:15:39.782 DEBUG 5352 --- [http-nio-10000-exec-1] fr.natu.dessinAPI.LoggingController      : ab2567
2020-05-31 11:15:39.791 DEBUG 5352 --- [http-nio-10000-exec-11] fr.natu.dessinAPI.LoggingController      : 16a132
2020-05-31 11:15:39.802 DEBUG 5352 --- [http-nio-10000-exec-8] fr.natu.dessinAPI.LoggingController      : 777777
2020-05-31 11:15:39.803 DEBUG 5352 --- [http-nio-10000-exec-9] fr.natu.dessinAPI.LoggingController      : 777777
2020-05-31 11:15:39.825 DEBUG 5352 --- [http-nio-10000-exec-4] fr.natu.dessinAPI.LoggingController      : 777777
2020-05-31 11:15:39.845 DEBUG 5352 --- [http-nio-10000-exec-5] fr.natu.dessinAPI.LoggingController      : 777777
2020-05-31 11:15:39.849 DEBUG 5352 --- [http-nio-10000-exec-2] fr.natu.dessinAPI.LoggingController      : 777777
2020-05-31 11:15:39.853 DEBUG 5352 --- [http-nio-10000-exec-10] fr.natu.dessinAPI.LoggingController      : 777777
2020-05-31 11:15:39.855 DEBUG 5352 --- [http-nio-10000-exec-6] fr.natu.dessinAPI.LoggingController      : 777777
2020-05-31 11:15:39.856 DEBUG 5352 --- [http-nio-10000-exec-3] fr.natu.dessinAPI.LoggingController      : 777777
2020-05-31 11:15:39.858 DEBUG 5352 --- [http-nio-10000-exec-1] fr.natu.dessinAPI.LoggingController      : 777777
2020-05-31 11:15:39.862 DEBUG 5352 --- [http-nio-10000-exec-7] fr.natu.dessinAPI.LoggingController      : 777777
2020-05-31 11:15:39.895 DEBUG 5352 --- [http-nio-10000-exec-8] fr.natu.dessinAPI.LoggingController      : 16a132
2020-05-31 11:15:39.897 DEBUG 5352 --- [http-nio-10000-exec-9] fr.natu.dessinAPI.LoggingController      : ab2567
2020-05-31 11:15:39.898 DEBUG 5352 --- [http-nio-10000-exec-11] fr.natu.dessinAPI.LoggingController      : 777777
2020-05-31 11:15:39.901 DEBUG 5352 --- [http-nio-10000-exec-8] fr.natu.dessinAPI.LoggingController      : ab2567
2020-05-31 11:15:39.903 DEBUG 5352 --- [http-nio-10000-exec-5] fr.natu.dessinAPI.LoggingController      : 777777
2020-05-31 11:15:39.904 DEBUG 5352 --- [http-nio-10000-exec-4] fr.natu.dessinAPI.LoggingController      : 16a132
2020-05-31 11:15:39.925 DEBUG 5352 --- [http-nio-10000-exec-3] fr.natu.dessinAPI.LoggingController      : 777777
2020-05-31 11:15:39.934 DEBUG 5352 --- [http-nio-10000-exec-2] fr.natu.dessinAPI.LoggingController      : 777777
2020-05-31 11:15:39.936 DEBUG 5352 --- [http-nio-10000-exec-10] fr.natu.dessinAPI.LoggingController      : 777777
2020-05-31 11:15:39.945 DEBUG 5352 --- [http-nio-10000-exec-6] fr.natu.dessinAPI.LoggingController      : 777777
2020-05-31 11:15:39.956 DEBUG 5352 --- [http-nio-10000-exec-7] fr.natu.dessinAPI.LoggingController      : 777777
2020-05-31 11:15:39.968 DEBUG 5352 --- [http-nio-10000-exec-9] fr.natu.dessinAPI.LoggingController      : 777777
2020-05-31 11:15:39.991 DEBUG 5352 --- [http-nio-10000-exec-1] fr.natu.dessinAPI.LoggingController      : 777777
2020-05-31 11:15:40.007 DEBUG 5352 --- [http-nio-10000-exec-5] fr.natu.dessinAPI.LoggingController      : 777777
2020-05-31 11:15:40.007 DEBUG 5352 --- [http-nio-10000-exec-4] fr.natu.dessinAPI.LoggingController      : ab2567
2020-05-31 11:15:39.999 DEBUG 5352 --- [http-nio-10000-exec-11] fr.natu.dessinAPI.LoggingController      : 777777
2020-05-31 11:15:40.002 DEBUG 5352 --- [http-nio-10000-exec-8] fr.natu.dessinAPI.LoggingController      : 777777
2020-05-31 11:15:40.029 DEBUG 5352 --- [http-nio-10000-exec-3] fr.natu.dessinAPI.LoggingController      : 16a132
2020-05-31 11:15:40.056 DEBUG 5352 --- [http-nio-10000-exec-10] fr.natu.dessinAPI.LoggingController      : 16a132
2020-05-31 11:15:40.075 DEBUG 5352 --- [http-nio-10000-exec-2] fr.natu.dessinAPI.LoggingController      : ab2567
2020-05-31 11:15:40.077 DEBUG 5352 --- [http-nio-10000-exec-6] fr.natu.dessinAPI.LoggingController      : 777777
2020-05-31 11:15:40.090 DEBUG 5352 --- [http-nio-10000-exec-7] fr.natu.dessinAPI.LoggingController      : 777777
2020-05-31 11:15:40.098 DEBUG 5352 --- [http-nio-10000-exec-9] fr.natu.dessinAPI.LoggingController      : 777777
2020-05-31 11:15:40.104 DEBUG 5352 --- [http-nio-10000-exec-1] fr.natu.dessinAPI.LoggingController      : 777777
2020-05-31 11:15:40.132 DEBUG 5352 --- [http-nio-10000-exec-4] fr.natu.dessinAPI.LoggingController      : 777777
2020-05-31 11:15:40.146 DEBUG 5352 --- [http-nio-10000-exec-5] fr.natu.dessinAPI.LoggingController      : 777777
2020-05-31 11:15:40.159 DEBUG 5352 --- [http-nio-10000-exec-3] fr.natu.dessinAPI.LoggingController      : 777777
2020-05-31 11:15:40.161 DEBUG 5352 --- [http-nio-10000-exec-8] fr.natu.dessinAPI.LoggingController      : 777777
2020-05-31 11:15:40.162 DEBUG 5352 --- [http-nio-10000-exec-11] fr.natu.dessinAPI.LoggingController      : 777777
2020-05-31 11:15:40.169 DEBUG 5352 --- [http-nio-10000-exec-10] fr.natu.dessinAPI.LoggingController      : 777777
2020-05-31 11:15:40.190 DEBUG 5352 --- [http-nio-10000-exec-6] fr.natu.dessinAPI.LoggingController      : ab2567
2020-05-31 11:15:40.206 DEBUG 5352 --- [http-nio-10000-exec-7] fr.natu.dessinAPI.LoggingController      : 16a132
2020-05-31 11:15:40.207 DEBUG 5352 --- [http-nio-10000-exec-2] fr.natu.dessinAPI.LoggingController      : 777777
2020-05-31 11:15:40.216 DEBUG 5352 --- [http-nio-10000-exec-1] fr.natu.dessinAPI.LoggingController      : ab2567
2020-05-31 11:15:40.222 DEBUG 5352 --- [http-nio-10000-exec-9] fr.natu.dessinAPI.LoggingController      : 16a132
2020-05-31 11:15:40.225 DEBUG 5352 --- [http-nio-10000-exec-4] fr.natu.dessinAPI.LoggingController      : 777777
2020-05-31 11:15:40.249 DEBUG 5352 --- [http-nio-10000-exec-5] fr.natu.dessinAPI.LoggingController      : 777777
2020-05-31 11:15:40.251 DEBUG 5352 --- [http-nio-10000-exec-3] fr.natu.dessinAPI.LoggingController      : 777777
2020-05-31 11:15:40.253 DEBUG 5352 --- [http-nio-10000-exec-11] fr.natu.dessinAPI.LoggingController      : 777777
2020-05-31 11:15:40.254 DEBUG 5352 --- [http-nio-10000-exec-8] fr.natu.dessinAPI.LoggingController      : 777777
2020-05-31 11:15:40.255 DEBUG 5352 --- [http-nio-10000-exec-6] fr.natu.dessinAPI.LoggingController      : 777777
2020-05-31 11:15:40.256 DEBUG 5352 --- [http-nio-10000-exec-10] fr.natu.dessinAPI.LoggingController      : 777777
2020-05-31 11:15:40.264 DEBUG 5352 --- [http-nio-10000-exec-7] fr.natu.dessinAPI.LoggingController      : 777777
2020-05-31 11:15:40.283 DEBUG 5352 --- [http-nio-10000-exec-2] fr.natu.dessinAPI.LoggingController      : 777777
2020-05-31 11:15:40.300 DEBUG 5352 --- [http-nio-10000-exec-9] fr.natu.dessinAPI.LoggingController      : 777777
2020-05-31 11:15:40.300 DEBUG 5352 --- [http-nio-10000-exec-1] fr.natu.dessinAPI.LoggingController      : 777777
2020-05-31 11:15:40.315 DEBUG 5352 --- [http-nio-10000-exec-4] fr.natu.dessinAPI.LoggingController      : ab2567
2020-05-31 11:15:40.325 DEBUG 5352 --- [http-nio-10000-exec-11] fr.natu.dessinAPI.LoggingController      : 16a132
2020-05-31 11:15:40.333 DEBUG 5352 --- [http-nio-10000-exec-8] fr.natu.dessinAPI.LoggingController      : 16a132
2020-05-31 11:15:40.341 DEBUG 5352 --- [http-nio-10000-exec-5] fr.natu.dessinAPI.LoggingController      : ab2567
2020-05-31 11:15:40.367 DEBUG 5352 --- [http-nio-10000-exec-10] fr.natu.dessinAPI.LoggingController      : 777777
2020-05-31 11:15:40.377 DEBUG 5352 --- [http-nio-10000-exec-6] fr.natu.dessinAPI.LoggingController      : 777777
2020-05-31 11:15:40.394 DEBUG 5352 --- [http-nio-10000-exec-3] fr.natu.dessinAPI.LoggingController      : 777777
2020-05-31 11:15:40.401 DEBUG 5352 --- [http-nio-10000-exec-7] fr.natu.dessinAPI.LoggingController      : 777777
2020-05-31 11:15:40.404 DEBUG 5352 --- [http-nio-10000-exec-1] fr.natu.dessinAPI.LoggingController      : 777777
2020-05-31 11:15:40.405 DEBUG 5352 --- [http-nio-10000-exec-2] fr.natu.dessinAPI.LoggingController      : 777777
2020-05-31 11:15:40.419 DEBUG 5352 --- [http-nio-10000-exec-9] fr.natu.dessinAPI.LoggingController      : 777777
2020-05-31 11:15:40.437 DEBUG 5352 --- [http-nio-10000-exec-4] fr.natu.dessinAPI.LoggingController      : 777777
2020-05-31 11:15:40.438 DEBUG 5352 --- [http-nio-10000-exec-11] fr.natu.dessinAPI.LoggingController      : 777777
2020-05-31 11:15:40.440 DEBUG 5352 --- [http-nio-10000-exec-8] fr.natu.dessinAPI.LoggingController      : ab2567
2020-05-31 11:15:40.441 DEBUG 5352 --- [http-nio-10000-exec-5] fr.natu.dessinAPI.LoggingController      : 16a132
2020-05-31 11:15:40.442 DEBUG 5352 --- [http-nio-10000-exec-6] fr.natu.dessinAPI.LoggingController      : ab2567
2020-05-31 11:15:40.443 DEBUG 5352 --- [http-nio-10000-exec-10] fr.natu.dessinAPI.LoggingController      : 777777
2020-05-31 11:15:40.467 DEBUG 5352 --- [http-nio-10000-exec-3] fr.natu.dessinAPI.LoggingController      : ab2567
2020-05-31 11:15:40.480 DEBUG 5352 --- [http-nio-10000-exec-1] fr.natu.dessinAPI.LoggingController      : 16a132
2020-05-31 11:15:40.484 DEBUG 5352 --- [http-nio-10000-exec-7] fr.natu.dessinAPI.LoggingController      : 777777
2020-05-31 11:15:40.484 DEBUG 5352 --- [http-nio-10000-exec-2] fr.natu.dessinAPI.LoggingController      : ab2567
2020-05-31 11:15:40.504 DEBUG 5352 --- [http-nio-10000-exec-6] fr.natu.dessinAPI.LoggingController      : 777777
2020-05-31 11:15:40.505 DEBUG 5352 --- [http-nio-10000-exec-8] fr.natu.dessinAPI.LoggingController      : 777777
2020-05-31 11:15:40.505 DEBUG 5352 --- [http-nio-10000-exec-5] fr.natu.dessinAPI.LoggingController      : 777777
2020-05-31 11:15:40.506 DEBUG 5352 --- [http-nio-10000-exec-4] fr.natu.dessinAPI.LoggingController      : 777777
2020-05-31 11:15:40.504 DEBUG 5352 --- [http-nio-10000-exec-11] fr.natu.dessinAPI.LoggingController      : 777777
2020-05-31 11:15:40.507 DEBUG 5352 --- [http-nio-10000-exec-9] fr.natu.dessinAPI.LoggingController      : 777777
2020-05-31 11:15:40.548 DEBUG 5352 --- [http-nio-10000-exec-3] fr.natu.dessinAPI.LoggingController      : ab2567
2020-05-31 11:15:40.550 DEBUG 5352 --- [http-nio-10000-exec-10] fr.natu.dessinAPI.LoggingController      : 777777
2020-05-31 11:15:40.557 DEBUG 5352 --- [http-nio-10000-exec-2] fr.natu.dessinAPI.LoggingController      : 16a132
2020-05-31 11:15:40.561 DEBUG 5352 --- [http-nio-10000-exec-7] fr.natu.dessinAPI.LoggingController      : 16a132
2020-05-31 11:15:40.575 DEBUG 5352 --- [http-nio-10000-exec-1] fr.natu.dessinAPI.LoggingController      : ab2567
2020-05-31 11:15:40.578 DEBUG 5352 --- [http-nio-10000-exec-8] fr.natu.dessinAPI.LoggingController      : ab2567
2020-05-31 11:15:40.589 DEBUG 5352 --- [http-nio-10000-exec-4] fr.natu.dessinAPI.LoggingController      : 16a132
2020-05-31 11:15:40.592 DEBUG 5352 --- [http-nio-10000-exec-6] fr.natu.dessinAPI.LoggingController      : 16a132
2020-05-31 11:15:40.592 DEBUG 5352 --- [http-nio-10000-exec-5] fr.natu.dessinAPI.LoggingController      : ab2567
2020-05-31 11:15:40.593 DEBUG 5352 --- [http-nio-10000-exec-11] fr.natu.dessinAPI.LoggingController      : 777777
2020-05-31 11:15:40.596 DEBUG 5352 --- [http-nio-10000-exec-9] fr.natu.dessinAPI.LoggingController      : 777777
2020-05-31 11:15:40.633 DEBUG 5352 --- [http-nio-10000-exec-3] fr.natu.dessinAPI.LoggingController      : 777777
2020-05-31 11:15:40.652 DEBUG 5352 --- [http-nio-10000-exec-10] fr.natu.dessinAPI.LoggingController      : 777777
2020-05-31 11:15:40.655 DEBUG 5352 --- [http-nio-10000-exec-7] fr.natu.dessinAPI.LoggingController      : 777777
2020-05-31 11:15:40.665 DEBUG 5352 --- [http-nio-10000-exec-4] fr.natu.dessinAPI.LoggingController      : 777777
2020-05-31 11:15:40.666 DEBUG 5352 --- [http-nio-10000-exec-2] fr.natu.dessinAPI.LoggingController      : ab2567
2020-05-31 11:15:40.667 DEBUG 5352 --- [http-nio-10000-exec-1] fr.natu.dessinAPI.LoggingController      : 777777
2020-05-31 11:15:40.683 DEBUG 5352 --- [http-nio-10000-exec-5] fr.natu.dessinAPI.LoggingController      : 16a132
2020-05-31 11:15:40.684 DEBUG 5352 --- [http-nio-10000-exec-11] fr.natu.dessinAPI.LoggingController      : ab2567
2020-05-31 11:15:40.686 DEBUG 5352 --- [http-nio-10000-exec-6] fr.natu.dessinAPI.LoggingController      : 16a132
2020-05-31 11:15:40.698 DEBUG 5352 --- [http-nio-10000-exec-8] fr.natu.dessinAPI.LoggingController      : ab2567
2020-05-31 11:15:40.720 DEBUG 5352 --- [http-nio-10000-exec-9] fr.natu.dessinAPI.LoggingController      : 16a132
2020-05-31 11:15:40.721 DEBUG 5352 --- [http-nio-10000-exec-3] fr.natu.dessinAPI.LoggingController      : 16a132
2020-05-31 11:15:40.724 DEBUG 5352 --- [http-nio-10000-exec-10] fr.natu.dessinAPI.LoggingController      : ab2567
2020-05-31 11:15:40.725 DEBUG 5352 --- [http-nio-10000-exec-7] fr.natu.dessinAPI.LoggingController      : 777777
2020-05-31 11:15:40.726 DEBUG 5352 --- [http-nio-10000-exec-4] fr.natu.dessinAPI.LoggingController      : 777777
2020-05-31 11:15:40.727 DEBUG 5352 --- [http-nio-10000-exec-2] fr.natu.dessinAPI.LoggingController      : 777777
2020-05-31 11:15:40.760 DEBUG 5352 --- [http-nio-10000-exec-1] fr.natu.dessinAPI.LoggingController      : 777777
2020-05-31 11:15:40.769 DEBUG 5352 --- [http-nio-10000-exec-5] fr.natu.dessinAPI.LoggingController      : 777777
2020-05-31 11:15:40.771 DEBUG 5352 --- [http-nio-10000-exec-8] fr.natu.dessinAPI.LoggingController      : 777777
2020-05-31 11:15:40.771 DEBUG 5352 --- [http-nio-10000-exec-9] fr.natu.dessinAPI.LoggingController      : ab2567
2020-05-31 11:15:40.772 DEBUG 5352 --- [http-nio-10000-exec-6] fr.natu.dessinAPI.LoggingController      : 777777
2020-05-31 11:15:40.775 DEBUG 5352 --- [http-nio-10000-exec-11] fr.natu.dessinAPI.LoggingController      : 777777
2020-05-31 11:15:40.817 DEBUG 5352 --- [http-nio-10000-exec-7] fr.natu.dessinAPI.LoggingController      : ab2567
2020-05-31 11:15:40.817 DEBUG 5352 --- [http-nio-10000-exec-3] fr.natu.dessinAPI.LoggingController      : 777777
2020-05-31 11:15:40.835 DEBUG 5352 --- [http-nio-10000-exec-2] fr.natu.dessinAPI.LoggingController      : ab2567
2020-05-31 11:15:40.836 DEBUG 5352 --- [http-nio-10000-exec-5] fr.natu.dessinAPI.LoggingController      : 777777
2020-05-31 11:15:40.836 DEBUG 5352 --- [http-nio-10000-exec-1] fr.natu.dessinAPI.LoggingController      : ab2567
2020-05-31 11:15:40.837 DEBUG 5352 --- [http-nio-10000-exec-8] fr.natu.dessinAPI.LoggingController      : 777777
2020-05-31 11:15:40.837 DEBUG 5352 --- [http-nio-10000-exec-10] fr.natu.dessinAPI.LoggingController      : 777777
2020-05-31 11:15:40.838 DEBUG 5352 --- [http-nio-10000-exec-4] fr.natu.dessinAPI.LoggingController      : 777777
2020-05-31 11:15:40.859 DEBUG 5352 --- [http-nio-10000-exec-6] fr.natu.dessinAPI.LoggingController      : 777777
2020-05-31 11:15:40.868 DEBUG 5352 --- [http-nio-10000-exec-11] fr.natu.dessinAPI.LoggingController      : 777777
2020-05-31 11:15:40.869 DEBUG 5352 --- [http-nio-10000-exec-3] fr.natu.dessinAPI.LoggingController      : 777777
2020-05-31 11:15:40.869 DEBUG 5352 --- [http-nio-10000-exec-9] fr.natu.dessinAPI.LoggingController      : 777777
2020-05-31 11:15:40.870 DEBUG 5352 --- [http-nio-10000-exec-7] fr.natu.dessinAPI.LoggingController      : 777777
2020-05-31 11:15:40.870 DEBUG 5352 --- [http-nio-10000-exec-1] fr.natu.dessinAPI.LoggingController      : 777777
2020-05-31 11:15:40.871 DEBUG 5352 --- [http-nio-10000-exec-8] fr.natu.dessinAPI.LoggingController      : 777777
2020-05-31 11:15:40.895 DEBUG 5352 --- [http-nio-10000-exec-4] fr.natu.dessinAPI.LoggingController      : 777777
2020-05-31 11:15:40.900 DEBUG 5352 --- [http-nio-10000-exec-4] fr.natu.dessinAPI.LoggingController      : 777777
2020-05-31 11:15:40.901 DEBUG 5352 --- [http-nio-10000-exec-6] fr.natu.dessinAPI.LoggingController      : 777777
2020-05-31 11:15:40.903 DEBUG 5352 --- [http-nio-10000-exec-5] fr.natu.dessinAPI.LoggingController      : 777777
2020-05-31 11:15:40.905 DEBUG 5352 --- [http-nio-10000-exec-10] fr.natu.dessinAPI.LoggingController      : 777777
2020-05-31 11:15:40.908 DEBUG 5352 --- [http-nio-10000-exec-2] fr.natu.dessinAPI.LoggingController      : 777777
2020-05-31 11:15:40.912 DEBUG 5352 --- [http-nio-10000-exec-9] fr.natu.dessinAPI.LoggingController      : 777777
2020-05-31 11:15:40.913 DEBUG 5352 --- [http-nio-10000-exec-11] fr.natu.dessinAPI.LoggingController      : 777777
2020-05-31 11:15:40.978 DEBUG 5352 --- [http-nio-10000-exec-7] fr.natu.dessinAPI.LoggingController      : 777777
2020-05-31 11:15:40.980 DEBUG 5352 --- [http-nio-10000-exec-3] fr.natu.dessinAPI.LoggingController      : 777777
2020-05-31 11:15:40.981 DEBUG 5352 --- [http-nio-10000-exec-5] fr.natu.dessinAPI.LoggingController      : 777777
2020-05-31 11:15:40.982 DEBUG 5352 --- [http-nio-10000-exec-1] fr.natu.dessinAPI.LoggingController      : 777777
2020-05-31 11:15:40.983 DEBUG 5352 --- [http-nio-10000-exec-4] fr.natu.dessinAPI.LoggingController      : 777777
2020-05-31 11:15:40.984 DEBUG 5352 --- [http-nio-10000-exec-8] fr.natu.dessinAPI.LoggingController      : 777777
2020-05-31 11:15:41.009 DEBUG 5352 --- [http-nio-10000-exec-6] fr.natu.dessinAPI.LoggingController      : 777777
2020-05-31 11:15:41.009 DEBUG 5352 --- [http-nio-10000-exec-9] fr.natu.dessinAPI.LoggingController      : 777777
2020-05-31 11:15:41.024 DEBUG 5352 --- [http-nio-10000-exec-10] fr.natu.dessinAPI.LoggingController      : 777777
2020-05-31 11:15:41.028 DEBUG 5352 --- [http-nio-10000-exec-7] fr.natu.dessinAPI.LoggingController      : 777777
2020-05-31 11:15:41.030 DEBUG 5352 --- [http-nio-10000-exec-2] fr.natu.dessinAPI.LoggingController      : 777777
2020-05-31 11:15:41.030 DEBUG 5352 --- [http-nio-10000-exec-4] fr.natu.dessinAPI.LoggingController      : 777777
2020-05-31 11:15:41.030 DEBUG 5352 --- [http-nio-10000-exec-11] fr.natu.dessinAPI.LoggingController      : 777777
2020-05-31 11:15:41.033 DEBUG 5352 --- [http-nio-10000-exec-8] fr.natu.dessinAPI.LoggingController      : 777777
2020-05-31 11:15:41.062 DEBUG 5352 --- [http-nio-10000-exec-3] fr.natu.dessinAPI.LoggingController      : 777777
2020-05-31 11:15:41.064 DEBUG 5352 --- [http-nio-10000-exec-5] fr.natu.dessinAPI.LoggingController      : 777777
2020-05-31 11:15:41.070 DEBUG 5352 --- [http-nio-10000-exec-1] fr.natu.dessinAPI.LoggingController      : 777777
2020-05-31 11:15:41.070 DEBUG 5352 --- [http-nio-10000-exec-9] fr.natu.dessinAPI.LoggingController      : 777777
2020-05-31 11:15:41.072 DEBUG 5352 --- [http-nio-10000-exec-10] fr.natu.dessinAPI.LoggingController      : 777777
2020-05-31 11:15:41.073 DEBUG 5352 --- [http-nio-10000-exec-6] fr.natu.dessinAPI.LoggingController      : 777777
2020-05-31 11:15:41.079 DEBUG 5352 --- [http-nio-10000-exec-11] fr.natu.dessinAPI.LoggingController      : 777777
2020-05-31 11:15:41.080 DEBUG 5352 --- [http-nio-10000-exec-2] fr.natu.dessinAPI.LoggingController      : 777777
2020-05-31 11:15:41.080 DEBUG 5352 --- [http-nio-10000-exec-4] fr.natu.dessinAPI.LoggingController      : 777777
2020-05-31 11:15:41.086 DEBUG 5352 --- [http-nio-10000-exec-7] fr.natu.dessinAPI.LoggingController      : 777777
2020-05-31 11:15:41.092 DEBUG 5352 --- [http-nio-10000-exec-5] fr.natu.dessinAPI.LoggingController      : 777777
2020-05-31 11:15:41.095 DEBUG 5352 --- [http-nio-10000-exec-10] fr.natu.dessinAPI.LoggingController      : 777777
2020-05-31 11:15:41.096 DEBUG 5352 --- [http-nio-10000-exec-1] fr.natu.dessinAPI.LoggingController      : 777777
2020-05-31 11:15:41.095 DEBUG 5352 --- [http-nio-10000-exec-8] fr.natu.dessinAPI.LoggingController      : 777777
2020-05-31 11:15:41.097 DEBUG 5352 --- [http-nio-10000-exec-9] fr.natu.dessinAPI.LoggingController      : 777777
2020-05-31 11:15:41.097 DEBUG 5352 --- [http-nio-10000-exec-3] fr.natu.dessinAPI.LoggingController      : 777777
2020-05-31 11:15:41.115 DEBUG 5352 --- [http-nio-10000-exec-11] fr.natu.dessinAPI.LoggingController      : 777777
2020-05-31 11:15:41.117 DEBUG 5352 --- [http-nio-10000-exec-6] fr.natu.dessinAPI.LoggingController      : 777777
2020-05-31 11:15:41.124 DEBUG 5352 --- [http-nio-10000-exec-4] fr.natu.dessinAPI.LoggingController      : 777777
2020-05-31 11:15:41.133 DEBUG 5352 --- [http-nio-10000-exec-2] fr.natu.dessinAPI.LoggingController      : 777777
2020-05-31 11:15:41.145 DEBUG 5352 --- [http-nio-10000-exec-7] fr.natu.dessinAPI.LoggingController      : 777777
2020-05-31 11:15:41.156 DEBUG 5352 --- [http-nio-10000-exec-1] fr.natu.dessinAPI.LoggingController      : 777777
2020-05-31 11:15:41.175 DEBUG 5352 --- [http-nio-10000-exec-10] fr.natu.dessinAPI.LoggingController      : 777777
2020-05-31 11:15:41.179 DEBUG 5352 --- [http-nio-10000-exec-3] fr.natu.dessinAPI.LoggingController      : 777777
2020-05-31 11:15:41.181 DEBUG 5352 --- [http-nio-10000-exec-8] fr.natu.dessinAPI.LoggingController      : 777777
2020-05-31 11:15:41.182 DEBUG 5352 --- [http-nio-10000-exec-9] fr.natu.dessinAPI.LoggingController      : 777777
2020-05-31 11:15:41.182 DEBUG 5352 --- [http-nio-10000-exec-5] fr.natu.dessinAPI.LoggingController      : 777777
2020-05-31 11:15:41.182 DEBUG 5352 --- [http-nio-10000-exec-11] fr.natu.dessinAPI.LoggingController      : 777777
2020-05-31 11:15:41.209 DEBUG 5352 --- [http-nio-10000-exec-6] fr.natu.dessinAPI.LoggingController      : 777777
2020-05-31 11:15:41.215 DEBUG 5352 --- [http-nio-10000-exec-7] fr.natu.dessinAPI.LoggingController      : 777777
2020-05-31 11:15:41.217 DEBUG 5352 --- [http-nio-10000-exec-2] fr.natu.dessinAPI.LoggingController      : 777777
2020-05-31 11:15:41.218 DEBUG 5352 --- [http-nio-10000-exec-6] fr.natu.dessinAPI.LoggingController      : 777777
2020-05-31 11:15:41.219 DEBUG 5352 --- [http-nio-10000-exec-4] fr.natu.dessinAPI.LoggingController      : 777777
2020-05-31 11:36:34.802  INFO 5352 --- [SpringContextShutdownHook] j.LocalContainerEntityManagerFactoryBean : Closing JPA EntityManagerFactory for persistence unit 'default'
2020-05-31 11:36:34.816  INFO 5352 --- [SpringContextShutdownHook] o.s.s.concurrent.ThreadPoolTaskExecutor  : Shutting down ExecutorService 'applicationTaskExecutor'
2020-05-31 11:36:34.816  INFO 5352 --- [SpringContextShutdownHook] com.zaxxer.hikari.HikariDataSource       : HikariPool-1 - Shutdown initiated...
2020-05-31 11:36:34.830  INFO 5352 --- [SpringContextShutdownHook] com.zaxxer.hikari.HikariDataSource       : HikariPool-1 - Shutdown completed.
2020-05-31 21:56:13.756  INFO 10342 --- [main] f.n.dessinAPI.DessinApiApplicationTests  : Starting DessinApiApplicationTests on tanguy-ux430ua with PID 10342 (started by tanguy in /home/tanguy/Programmation/workspaceEE/dessinAPI)
2020-05-31 21:56:13.760  INFO 10342 --- [main] f.n.dessinAPI.DessinApiApplicationTests  : No active profile set, falling back to default profiles: default
2020-05-31 21:56:14.765  INFO 10342 --- [main] .s.d.r.c.RepositoryConfigurationDelegate : Bootstrapping Spring Data JPA repositories in DEFERRED mode.
2020-05-31 21:56:14.875  INFO 10342 --- [main] .s.d.r.c.RepositoryConfigurationDelegate : Finished Spring Data repository scanning in 94ms. Found 1 JPA repository interfaces.
2020-05-31 21:56:15.885  INFO 10342 --- [main] o.s.s.concurrent.ThreadPoolTaskExecutor  : Initializing ExecutorService 'applicationTaskExecutor'
2020-05-31 21:56:15.902  INFO 10342 --- [main] com.zaxxer.hikari.HikariDataSource       : HikariPool-1 - Starting...
2020-05-31 21:56:16.460  INFO 10342 --- [main] com.zaxxer.hikari.HikariDataSource       : HikariPool-1 - Start completed.
2020-05-31 21:56:16.540  INFO 10342 --- [task-1] o.hibernate.jpa.internal.util.LogHelper  : HHH000204: Processing PersistenceUnitInfo [name: default]
2020-05-31 21:56:16.715  INFO 10342 --- [task-1] org.hibernate.Version                    : HHH000412: Hibernate ORM core version 5.4.15.Final
2020-05-31 21:56:16.965  WARN 10342 --- [main] JpaBaseConfiguration$JpaWebConfiguration : spring.jpa.open-in-view is enabled by default. Therefore, database queries may be performed during view rendering. Explicitly configure spring.jpa.open-in-view to disable this warning
2020-05-31 21:56:17.120  INFO 10342 --- [task-1] o.hibernate.annotations.common.Version   : HCANN000001: Hibernate Commons Annotations {5.1.0.Final}
2020-05-31 21:56:17.443  INFO 10342 --- [task-1] org.hibernate.dialect.Dialect            : HHH000400: Using dialect: org.hibernate.dialect.MySQL57Dialect
2020-05-31 21:56:18.179  INFO 10342 --- [task-1] o.h.e.t.j.p.i.JtaPlatformInitiator       : HHH000490: Using JtaPlatform implementation: [org.hibernate.engine.transaction.jta.platform.internal.NoJtaPlatform]
2020-05-31 21:56:18.196  INFO 10342 --- [task-1] j.LocalContainerEntityManagerFactoryBean : Initialized JPA EntityManagerFactory for persistence unit 'default'
2020-05-31 21:56:18.872  INFO 10342 --- [main] DeferredRepositoryInitializationListener : Triggering deferred initialization of Spring Data repositories…
2020-05-31 21:56:19.012  INFO 10342 --- [main] DeferredRepositoryInitializationListener : Spring Data repositories initialized!
2020-05-31 21:56:19.025  INFO 10342 --- [main] f.n.dessinAPI.DessinApiApplicationTests  : Started DessinApiApplicationTests in 5.693 seconds (JVM running for 6.953)
2020-05-31 21:56:19.155  INFO 10342 --- [SpringContextShutdownHook] j.LocalContainerEntityManagerFactoryBean : Closing JPA EntityManagerFactory for persistence unit 'default'
2020-05-31 21:56:19.159  INFO 10342 --- [SpringContextShutdownHook] o.s.s.concurrent.ThreadPoolTaskExecutor  : Shutting down ExecutorService 'applicationTaskExecutor'
2020-05-31 21:56:19.160  INFO 10342 --- [SpringContextShutdownHook] com.zaxxer.hikari.HikariDataSource       : HikariPool-1 - Shutdown initiated...
2020-05-31 21:56:19.177  INFO 10342 --- [SpringContextShutdownHook] com.zaxxer.hikari.HikariDataSource       : HikariPool-1 - Shutdown completed.
2020-05-31 22:30:42.130  INFO 11755 --- [main] f.n.dessinAPI.DessinApiApplicationTests  : Starting DessinApiApplicationTests on tanguy-ux430ua with PID 11755 (started by tanguy in /home/tanguy/Programmation/workspaceEE/dessinAPI)
2020-05-31 22:30:42.131  INFO 11755 --- [main] f.n.dessinAPI.DessinApiApplicationTests  : No active profile set, falling back to default profiles: default
2020-05-31 22:30:42.667  INFO 11755 --- [main] .s.d.r.c.RepositoryConfigurationDelegate : Bootstrapping Spring Data JPA repositories in DEFERRED mode.
2020-05-31 22:30:42.729  INFO 11755 --- [main] .s.d.r.c.RepositoryConfigurationDelegate : Finished Spring Data repository scanning in 52ms. Found 1 JPA repository interfaces.
2020-05-31 22:30:43.330  INFO 11755 --- [main] o.s.s.concurrent.ThreadPoolTaskExecutor  : Initializing ExecutorService 'applicationTaskExecutor'
2020-05-31 22:30:43.344  INFO 11755 --- [main] com.zaxxer.hikari.HikariDataSource       : HikariPool-1 - Starting...
2020-05-31 22:30:43.763  INFO 11755 --- [main] com.zaxxer.hikari.HikariDataSource       : HikariPool-1 - Start completed.
2020-05-31 22:30:43.837  INFO 11755 --- [task-1] o.hibernate.jpa.internal.util.LogHelper  : HHH000204: Processing PersistenceUnitInfo [name: default]
2020-05-31 22:30:43.924  INFO 11755 --- [task-1] org.hibernate.Version                    : HHH000412: Hibernate ORM core version 5.4.15.Final
2020-05-31 22:30:44.111  WARN 11755 --- [main] JpaBaseConfiguration$JpaWebConfiguration : spring.jpa.open-in-view is enabled by default. Therefore, database queries may be performed during view rendering. Explicitly configure spring.jpa.open-in-view to disable this warning
2020-05-31 22:30:44.158  INFO 11755 --- [task-1] o.hibernate.annotations.common.Version   : HCANN000001: Hibernate Commons Annotations {5.1.0.Final}
2020-05-31 22:30:44.305  INFO 11755 --- [task-1] org.hibernate.dialect.Dialect            : HHH000400: Using dialect: org.hibernate.dialect.MySQL57Dialect
2020-05-31 22:30:44.852  INFO 11755 --- [task-1] o.h.e.t.j.p.i.JtaPlatformInitiator       : HHH000490: Using JtaPlatform implementation: [org.hibernate.engine.transaction.jta.platform.internal.NoJtaPlatform]
2020-05-31 22:30:44.862  INFO 11755 --- [task-1] j.LocalContainerEntityManagerFactoryBean : Initialized JPA EntityManagerFactory for persistence unit 'default'
2020-05-31 22:30:45.523  INFO 11755 --- [main] DeferredRepositoryInitializationListener : Triggering deferred initialization of Spring Data repositories…
2020-05-31 22:30:45.634  INFO 11755 --- [main] DeferredRepositoryInitializationListener : Spring Data repositories initialized!
2020-05-31 22:30:45.644  INFO 11755 --- [main] f.n.dessinAPI.DessinApiApplicationTests  : Started DessinApiApplicationTests in 3.787 seconds (JVM running for 4.498)
2020-05-31 22:30:45.761  INFO 11755 --- [SpringContextShutdownHook] j.LocalContainerEntityManagerFactoryBean : Closing JPA EntityManagerFactory for persistence unit 'default'
2020-05-31 22:30:45.763  INFO 11755 --- [SpringContextShutdownHook] o.s.s.concurrent.ThreadPoolTaskExecutor  : Shutting down ExecutorService 'applicationTaskExecutor'
2020-05-31 22:30:45.764  INFO 11755 --- [SpringContextShutdownHook] com.zaxxer.hikari.HikariDataSource       : HikariPool-1 - Shutdown initiated...
2020-05-31 22:30:45.776  INFO 11755 --- [SpringContextShutdownHook] com.zaxxer.hikari.HikariDataSource       : HikariPool-1 - Shutdown completed.
2020-05-31 22:46:38.288  INFO 12424 --- [main] f.n.dessinAPI.DessinApiApplicationTests  : Starting DessinApiApplicationTests on tanguy-ux430ua with PID 12424 (started by tanguy in /home/tanguy/Programmation/workspaceEE/dessinAPI)
2020-05-31 22:46:38.289  INFO 12424 --- [main] f.n.dessinAPI.DessinApiApplicationTests  : No active profile set, falling back to default profiles: default
2020-05-31 22:46:38.838  INFO 12424 --- [main] .s.d.r.c.RepositoryConfigurationDelegate : Bootstrapping Spring Data JPA repositories in DEFERRED mode.
2020-05-31 22:46:38.914  INFO 12424 --- [main] .s.d.r.c.RepositoryConfigurationDelegate : Finished Spring Data repository scanning in 64ms. Found 1 JPA repository interfaces.
2020-05-31 22:46:39.542  INFO 12424 --- [main] o.s.s.concurrent.ThreadPoolTaskExecutor  : Initializing ExecutorService 'applicationTaskExecutor'
2020-05-31 22:46:39.554  INFO 12424 --- [main] com.zaxxer.hikari.HikariDataSource       : HikariPool-1 - Starting...
2020-05-31 22:46:39.970  INFO 12424 --- [main] com.zaxxer.hikari.HikariDataSource       : HikariPool-1 - Start completed.
2020-05-31 22:46:40.047  INFO 12424 --- [task-1] o.hibernate.jpa.internal.util.LogHelper  : HHH000204: Processing PersistenceUnitInfo [name: default]
2020-05-31 22:46:40.109  INFO 12424 --- [task-1] org.hibernate.Version                    : HHH000412: Hibernate ORM core version 5.4.15.Final
2020-05-31 22:46:40.269  WARN 12424 --- [main] JpaBaseConfiguration$JpaWebConfiguration : spring.jpa.open-in-view is enabled by default. Therefore, database queries may be performed during view rendering. Explicitly configure spring.jpa.open-in-view to disable this warning
2020-05-31 22:46:40.355  INFO 12424 --- [task-1] o.hibernate.annotations.common.Version   : HCANN000001: Hibernate Commons Annotations {5.1.0.Final}
2020-05-31 22:46:40.512  INFO 12424 --- [task-1] org.hibernate.dialect.Dialect            : HHH000400: Using dialect: org.hibernate.dialect.MySQL57Dialect
2020-05-31 22:46:41.092  INFO 12424 --- [task-1] o.h.e.t.j.p.i.JtaPlatformInitiator       : HHH000490: Using JtaPlatform implementation: [org.hibernate.engine.transaction.jta.platform.internal.NoJtaPlatform]
2020-05-31 22:46:41.101  INFO 12424 --- [task-1] j.LocalContainerEntityManagerFactoryBean : Initialized JPA EntityManagerFactory for persistence unit 'default'
2020-05-31 22:46:41.783  INFO 12424 --- [main] DeferredRepositoryInitializationListener : Triggering deferred initialization of Spring Data repositories…
2020-05-31 22:46:41.894  INFO 12424 --- [main] DeferredRepositoryInitializationListener : Spring Data repositories initialized!
2020-05-31 22:46:41.904  INFO 12424 --- [main] f.n.dessinAPI.DessinApiApplicationTests  : Started DessinApiApplicationTests in 3.906 seconds (JVM running for 4.649)
2020-05-31 22:46:42.014  INFO 12424 --- [SpringContextShutdownHook] j.LocalContainerEntityManagerFactoryBean : Closing JPA EntityManagerFactory for persistence unit 'default'
2020-05-31 22:46:42.016  INFO 12424 --- [SpringContextShutdownHook] o.s.s.concurrent.ThreadPoolTaskExecutor  : Shutting down ExecutorService 'applicationTaskExecutor'
2020-05-31 22:46:42.018  INFO 12424 --- [SpringContextShutdownHook] com.zaxxer.hikari.HikariDataSource       : HikariPool-1 - Shutdown initiated...
2020-05-31 22:46:42.027  INFO 12424 --- [SpringContextShutdownHook] com.zaxxer.hikari.HikariDataSource       : HikariPool-1 - Shutdown completed.
